2020-11-08 14:40:15,056 INFO  - Starting ServiceWrapper in the service mode
2020-11-08 14:40:21,571 DEBUG - Completed. Exit code is 0
2020-11-08 14:41:00,434 DEBUG - Starting ServiceWrapper in the CLI mode
2020-11-08 14:41:00,767 INFO  - Installing the service with id 'ngrok'
2020-11-08 14:41:00,778 FATAL - WMI Operation failure: AccessDenied
WMI.WmiException: AccessDenied
   在 WMI.WmiRoot.BaseHandler.CheckError(ManagementBaseObject result)
   在 WMI.WmiRoot.ClassHandler.Invoke(Object proxy, MethodInfo method, Object[] args)
   在 WMI.Win32ServicesProxy.Create(String , String , String , ServiceType , ErrorControl , StartMode , Boolean , String , String , String[] )
   在 winsw.WrapperService.Run(String[] _args, ServiceDescriptor descriptor)
   在 winsw.WrapperService.Main(String[] args)
2020-11-08 14:41:20,206 DEBUG - Starting ServiceWrapper in the CLI mode
2020-11-08 14:41:20,468 INFO  - Installing the service with id 'ngrok'
2020-11-08 14:41:20,478 FATAL - WMI Operation failure: AccessDenied
WMI.WmiException: AccessDenied
   在 WMI.WmiRoot.BaseHandler.CheckError(ManagementBaseObject result)
   在 WMI.WmiRoot.ClassHandler.Invoke(Object proxy, MethodInfo method, Object[] args)
   在 WMI.Win32ServicesProxy.Create(String , String , String , ServiceType , ErrorControl , StartMode , Boolean , String , String , String[] )
   在 winsw.WrapperService.Run(String[] _args, ServiceDescriptor descriptor)
   在 winsw.WrapperService.Main(String[] args)
2020-11-08 14:42:32,182 DEBUG - Starting ServiceWrapper in the CLI mode
2020-11-08 14:42:32,953 INFO  - Installing the service with id 'ngrok'
2020-11-08 14:42:32,970 FATAL - WMI Operation failure: AccessDenied
WMI.WmiException: AccessDenied
   在 WMI.WmiRoot.BaseHandler.CheckError(ManagementBaseObject result)
   在 WMI.WmiRoot.ClassHandler.Invoke(Object proxy, MethodInfo method, Object[] args)
   在 WMI.Win32ServicesProxy.Create(String , String , String , ServiceType , ErrorControl , StartMode , Boolean , String , String , String[] )
   在 winsw.WrapperService.Run(String[] _args, ServiceDescriptor descriptor)
   在 winsw.WrapperService.Main(String[] args)
2020-11-08 14:42:57,163 DEBUG - Starting ServiceWrapper in the CLI mode
2020-11-08 14:42:57,435 INFO  - Installing the service with id 'ngrok'
2020-11-08 14:42:57,447 FATAL - WMI Operation failure: AccessDenied
WMI.WmiException: AccessDenied
   在 WMI.WmiRoot.BaseHandler.CheckError(ManagementBaseObject result)
   在 WMI.WmiRoot.ClassHandler.Invoke(Object proxy, MethodInfo method, Object[] args)
   在 WMI.Win32ServicesProxy.Create(String , String , String , ServiceType , ErrorControl , StartMode , Boolean , String , String , String[] )
   在 winsw.WrapperService.Run(String[] _args, ServiceDescriptor descriptor)
   在 winsw.WrapperService.Main(String[] args)
2020-11-08 14:43:24,508 DEBUG - Starting ServiceWrapper in the CLI mode
2020-11-08 14:43:24,793 INFO  - Installing the service with id 'ngrok'
2020-11-08 14:43:24,803 FATAL - WMI Operation failure: AccessDenied
WMI.WmiException: AccessDenied
   在 WMI.WmiRoot.BaseHandler.CheckError(ManagementBaseObject result)
   在 WMI.WmiRoot.ClassHandler.Invoke(Object proxy, MethodInfo method, Object[] args)
   在 WMI.Win32ServicesProxy.Create(String , String , String , ServiceType , ErrorControl , StartMode , Boolean , String , String , String[] )
   在 winsw.WrapperService.Run(String[] _args, ServiceDescriptor descriptor)
   在 winsw.WrapperService.Main(String[] args)
2020-11-09 10:24:27,446 DEBUG - Starting ServiceWrapper in the CLI mode
2020-11-09 10:24:27,744 FATAL - Unhandled exception
System.Exception: Unknown command: delete
   在 winsw.WrapperService.Run(String[] _args, ServiceDescriptor descriptor)
   在 winsw.WrapperService.Main(String[] args)
2020-11-09 10:24:35,315 DEBUG - Starting ServiceWrapper in the CLI mode
2020-11-09 10:24:35,555 INFO  - Uninstalling the service with id 'ngrok'
2020-11-09 10:24:35,566 DEBUG - Completed. Exit code is 0
2020-11-09 10:25:23,101 DEBUG - Starting ServiceWrapper in the CLI mode
2020-11-09 10:25:23,339 INFO  - Installing the service with id 'ngrok'
2020-11-09 10:25:23,351 DEBUG - Completed. Exit code is 0
2020-11-09 10:25:28,938 INFO  - Starting ServiceWrapper in the service mode
2020-11-09 10:25:28,967 INFO  - Starting D:\sourcecode\git\docker-ngrok\windows_amd64_client\bin\ngrok.exe 
2020-11-09 10:25:28,970 INFO  - Starting D:\sourcecode\git\docker-ngrok\windows_amd64_client\bin\ngrok.exe 
2020-11-09 10:25:29,006 DEBUG - Completed. Exit code is 0
2020-11-09 10:25:33,151 INFO  - Starting ServiceWrapper in the service mode
2020-11-09 10:25:33,181 INFO  - Starting D:\sourcecode\git\docker-ngrok\windows_amd64_client\bin\ngrok.exe 
2020-11-09 10:25:33,185 INFO  - Starting D:\sourcecode\git\docker-ngrok\windows_amd64_client\bin\ngrok.exe 
2020-11-09 10:25:33,210 DEBUG - Completed. Exit code is 0
2020-11-09 10:25:36,939 INFO  - Starting ServiceWrapper in the service mode
2020-11-09 10:25:36,968 INFO  - Starting D:\sourcecode\git\docker-ngrok\windows_amd64_client\bin\ngrok.exe 
2020-11-09 10:25:36,972 INFO  - Starting D:\sourcecode\git\docker-ngrok\windows_amd64_client\bin\ngrok.exe 
2020-11-09 10:25:36,998 DEBUG - Completed. Exit code is 0
2020-11-09 10:26:26,789 INFO  - Starting ServiceWrapper in the service mode
2020-11-09 10:26:26,818 INFO  - Starting D:\sourcecode\git\docker-ngrok\windows_amd64_client\bin\ngrok.exe 
2020-11-09 10:26:26,822 INFO  - Starting D:\sourcecode\git\docker-ngrok\windows_amd64_client\bin\ngrok.exe 
2020-11-09 10:26:26,848 DEBUG - Completed. Exit code is 0
